hHYuanLing/build/outputs/logs/manifest-merger-debug-report.txt
-- Merging decision tree log ---
manifest
ADDED from src\main\AndroidManifest.xml:2:1-554:12
	package
		ADDED from src\main\AndroidManifest.xml:4:5-35
		INJECTED from src\main\AndroidManifest.xml
		INJECTED from src\main\AndroidManifest.xml
	android:versionName
		ADDED from src\main\AndroidManifest.xml:6:5-32
		INJECTED from src\main\AndroidManifest.xml
		INJECTED from src\main\AndroidManifest.xml
	xmlns:tools
		ADDED from src\main\AndroidManifest.xml:3:5-51
	android:versionCode
		ADDED from src\main\AndroidManifest.xml:5:5-28
		INJECTED from src\main\AndroidManifest.xml
		INJECTED from src\main\AndroidManifest.xml
	xmlns:android
		ADDED from src\main\AndroidManifest.xml:2:11-69
uses-sdk
ADDED from src\main\AndroidManifest.xml:8:5-10:41
MERGED from [HHParkLand:b_library:unspecified] AndroidManifest.xml:7:5-9:41
MERGED from [HHParkLand:x_library:unspecified] AndroidManifest.xml:7:5-9:41
MERGED from [id.zelory:compressor:1.0.4] AndroidManifest.xml:8:5-10:41
MERGED from [com.android.support:appcompat-v7:25.0.1] AndroidManifest.xml:21:5-23:78
MERGED from [com.android.support:support-v4:25.0.1] AndroidManifest.xml:21:5-23:54
MERGED from [com.android.support:support-fragment:25.0.1] AndroidManifest.xml:21:5-23:60
MERGED from [com.android.support:support-media-compat:25.0.1] AndroidManifest.xml:21:5-23:63
MERGED from [com.android.support:support-core-ui:25.0.1] AndroidManifest.xml:21:5-23:58
MERGED from [com.android.support:support-core-utils:25.0.1] AndroidManifest.xml:21:5-23:61
MERGED from [com.android.support:animated-vector-drawable:25.0.1] AndroidManifest.xml:20:5-44
MERGED from [com.android.support:support-vector-drawable:25.0.1] AndroidManifest.xml:21:5-43
MERGED from [com.android.support:support-compat:25.0.1] AndroidManifest.xml:21:5-23:58
	tools:overrideLibrary
		ADDED from [com.android.support:appcompat-v7:25.0.1] AndroidManifest.xml:23:9-75
	android:targetSdkVersion
		ADDED from src\main\AndroidManifest.xml:10:9-38
		INJECTED from src\main\AndroidManifest.xml
		INJECTED from src\main\AndroidManifest.xml
	android:minSdkVersion
		ADDED from src\main\AndroidManifest.xml:9:9-35
		INJECTED from src\main\AndroidManifest.xml
		INJECTED from src\main\AndroidManifest.xml
uses-permission#android.permission.ACCESS_NETWORK_STATE
ADDED from src\main\AndroidManifest.xml:13:5-79
	android:name
		ADDED from src\main\AndroidManifest.xml:13:22-76
uses-permission#android.permission.INTERNET
ADDED from src\main\AndroidManifest.xml:15:5-67
	android:name
		ADDED from src\main\AndroidManifest.xml:15:22-64
uses-permission#android.permission.WRITE_EXTERNAL_STORAGE
ADDED from src\main\AndroidManifest.xml:17:5-81
	android:name
		ADDED from src\main\AndroidManifest.xml:17:22-78
uses-permission#android.permission.KILL_BACKGROUND_PROCESSES
ADDED from src\main\AndroidManifest.xml:19:5-84
	android:name
		ADDED from src\main\AndroidManifest.xml:19:22-81
uses-permission#android.permission.NFC
ADDED from src\main\AndroidManifest.xml:21:5-62
	android:name
		ADDED from src\main\AndroidManifest.xml:21:22-59
uses-feature#android.hardware.camera.autofocus
ADDED from src\main\AndroidManifest.xml:23:5-70
	android:name
		ADDED from src\main\AndroidManifest.xml:23:19-67
uses-feature#android.hardware.nfc
ADDED from src\main\AndroidManifest.xml:24:5-26:35
	android:required
		ADDED from src\main\AndroidManifest.xml:26:9-32
	android:name
		ADDED from src\main\AndroidManifest.xml:25:9-44
uses-permission#android.permission.CAMERA
ADDED from src\main\AndroidManifest.xml:29:5-65
	android:name
		ADDED from src\main\AndroidManifest.xml:29:22-62
uses-feature#android.hardware.camera
ADDED from src\main\AndroidManifest.xml:31:5-60
	android:name
		ADDED from src\main\AndroidManifest.xml:31:19-57
uses-permission#android.permission.VIBRATE
ADDED from src\main\AndroidManifest.xml:33:5-66
	android:name
		ADDED from src\main\AndroidManifest.xml:33:22-63
uses-permission#android.permission.FLASHLIGHT
ADDED from src\main\AndroidManifest.xml:34:5-69
	android:name
		ADDED from src\main\AndroidManifest.xml:34:22-66
uses-permission#android.permission.WAKE_LOCK
ADDED from src\main\AndroidManifest.xml:35:5-68
	android:name
		ADDED from src\main\AndroidManifest.xml:35:22-65
uses-permission#android.permission.ACCESS_COARSE_LOCATION
ADDED from src\main\AndroidManifest.xml:39:5-81
	android:name
		ADDED from src\main\AndroidManifest.xml:39:22-78
uses-permission#android.permission.ACCESS_FINE_LOCATION
ADDED from src\main\AndroidManifest.xml:41:5-79
	android:name
		ADDED from src\main\AndroidManifest.xml:41:22-76
uses-permission#android.permission.ACCESS_WIFI_STATE
ADDED from src\main\AndroidManifest.xml:43:5-76
	android:name
		ADDED from src\main\AndroidManifest.xml:43:22-73
uses-permission#android.permission.CHANGE_WIFI_STATE
ADDED from src\main\AndroidManifest.xml:45:5-76
	android:name
		ADDED from src\main\AndroidManifest.xml:45:22-73
uses-permission#android.permission.READ_PHONE_STATE
ADDED from src\main\AndroidManifest.xml:47:5-75
	android:name
		ADDED from src\main\AndroidManifest.xml:47:22-72
uses-permission#android.permission.READ_EXTERNAL_STORAGE
ADDED from src\main\AndroidManifest.xml:48:5-80
	android:name
		ADDED from src\main\AndroidManifest.xml:48:22-77
uses-permission#android.permission.MOUNT_UNMOUNT_FILESYSTEMS
ADDED from src\main\AndroidManifest.xml:50:5-84
	android:name
		ADDED from src\main\AndroidManifest.xml:50:22-81
uses-permission#android.permission.GET_ACCOUNTS
ADDED from src\main\AndroidManifest.xml:57:5-71
	android:name
		ADDED from src\main\AndroidManifest.xml:57:22-68
uses-permission#android.permission.READ_PROFILE
ADDED from src\main\AndroidManifest.xml:58:5-71
	android:name
		ADDED from src\main\AndroidManifest.xml:58:22-68
uses-permission#android.permission.READ_CONTACTS
ADDED from src\main\AndroidManifest.xml:59:5-72
	android:name
		ADDED from src\main\AndroidManifest.xml:59:22-69
uses-permission#android.permission.READ_CALL_LOG
ADDED from src\main\AndroidManifest.xml:60:5-72
	android:name
		ADDED from src\main\AndroidManifest.xml:60:22-69
application
ADDED from src\main\AndroidManifest.xml:62:5-552:19
MERGED from [HHParkLand:b_library:unspecified] AndroidManifest.xml:11:5-16:19
MERGED from [HHParkLand:x_library:unspecified] AndroidManifest.xml:11:5-20
MERGED from [com.android.support:appcompat-v7:25.0.1] AndroidManifest.xml:25:5-20
MERGED from [com.android.support:support-v4:25.0.1] AndroidManifest.xml:25:5-20
MERGED from [com.android.support:support-fragment:25.0.1] AndroidManifest.xml:25:5-20
MERGED from [com.android.support:support-media-compat:25.0.1] AndroidManifest.xml:25:5-20
MERGED from [com.android.support:support-core-ui:25.0.1] AndroidManifest.xml:25:5-20
MERGED from [com.android.support:support-core-utils:25.0.1] AndroidManifest.xml:25:5-20
MERGED from [com.android.support:animated-vector-drawable:25.0.1] AndroidManifest.xml:22:5-20
MERGED from [com.android.support:support-vector-drawable:25.0.1] AndroidManifest.xml:23:5-20
MERGED from [com.android.support:support-compat:25.0.1] AndroidManifest.xml:25:5-20
	android:label
		ADDED from src\main\AndroidManifest.xml:67:9-41
	android:hardwareAccelerated
		ADDED from src\main\AndroidManifest.xml:65:9-43
	android:allowBackup
		ADDED from src\main\AndroidManifest.xml:64:9-35
	android:icon
		ADDED from src\main\AndroidManifest.xml:66:9-36
		REJECTED from [HHParkLand:b_library:unspecified] AndroidManifest.xml:13:9-45
	android:theme
		ADDED from src\main\AndroidManifest.xml:68:9-52
		REJECTED from [HHParkLand:b_library:unspecified] AndroidManifest.xml:15:9-40
	tools:replace
		ADDED from src\main\AndroidManifest.xml:69:9-52
	android:name
		ADDED from src\main\AndroidManifest.xml:63:9-38
activity#com.henghao.parkland.activity.SplashActivity
ADDED from src\main\AndroidManifest.xml:72:9-81:20
	android:screenOrientation
		ADDED from src\main\AndroidManifest.xml:74:13-49
	android:theme
		ADDED from src\main\AndroidManifest.xml:75:13-44
	android:name
		ADDED from src\main\AndroidManifest.xml:73:13-52
intent-filter#android.intent.action.MAIN+android.intent.category.LAUNCHER
ADDED from src\main\AndroidManifest.xml:76:13-80:29
action#android.intent.action.MAIN
ADDED from src\main\AndroidManifest.xml:77:17-69
	android:name
		ADDED from src\main\AndroidManifest.xml:77:25-66
category#android.intent.category.LAUNCHER
ADDED from src\main\AndroidManifest.xml:79:17-77
	android:name
		ADDED from src\main\AndroidManifest.xml:79:27-74
activity#com.henghao.parkland.activity.MainActivity
ADDED from src\main\AndroidManifest.xml:84:9-99:20
	android:screenOrientation
		ADDED from src\main\AndroidManifest.xml:87:13-49
	android:launchMode
		ADDED from src\main\AndroidManifest.xml:86:13-44
	android:windowSoftInputMode
		ADDED from src\main\AndroidManifest.xml:88:13-60
	android:theme
		ADDED from src\main\AndroidManifest.xml:89:13-44
	android:name
		ADDED from src\main\AndroidManifest.xml:85:13-50
intent-filter#android.intent.category.DEFAULT+android.nfc.action.TECH_DISCOVERED
ADDED from src\main\AndroidManifest.xml:90:13-94:29
action#android.nfc.action.TECH_DISCOVERED
ADDED from src\main\AndroidManifest.xml:91:17-77
	android:name
		ADDED from src\main\AndroidManifest.xml:91:25-74
category#android.intent.category.DEFAULT
ADDED from src\main\AndroidManifest.xml:93:17-76
	android:name
		ADDED from src\main\AndroidManifest.xml:93:27-73
meta-data#android.nfc.action.TECH_DISCOVERED
ADDED from src\main\AndroidManifest.xml:96:13-98:59
	android:resource
		ADDED from src\main\AndroidManifest.xml:98:17-56
	android:name
		ADDED from src\main\AndroidManifest.xml:97:17-66
activity#com.henghao.parkland.activity.user.LoginAndRegActivity
ADDED from src\main\AndroidManifest.xml:102:9-105:53
	android:screenOrientation
		ADDED from src\main\AndroidManifest.xml:104:13-49
	android:theme
		ADDED from src\main\AndroidManifest.xml:105:13-50
	android:name
		ADDED from src\main\AndroidManifest.xml:103:13-62
activity#com.henghao.parkland.activity.user.SettingActivity
ADDED from src\main\AndroidManifest.xml:107:9-110:53
	android:screenOrientation
		ADDED from src\main\AndroidManifest.xml:109:13-49
	android:theme
		ADDED from src\main\AndroidManifest.xml:110:13-50
	android:name
		ADDED from src\main\AndroidManifest.xml:108:13-58
activity#com.henghao.parkland.activity.user.MyWorkerActivity
ADDED from src\main\AndroidManifest.xml:112:9-115:53
	android:screenOrientation
		ADDED from src\main\AndroidManifest.xml:114:13-49
	android:theme
		ADDED from src\main\AndroidManifest.xml:115:13-50
	android:name
		ADDED from src\main\AndroidManifest.xml:113:13-59
activity#com.henghao.parkland.activity.user.MyWorkerListActivity
ADDED from src\main\AndroidManifest.xml:117:9-120:53
	android:screenOrientation
		ADDED from src\main\AndroidManifest.xml:119:13-49
	android:theme
		ADDED from src\main\AndroidManifest.xml:120:13-50
	android:name
		ADDED from src\main\AndroidManifest.xml:118:13-63
activity#com.henghao.parkland.activity.ISOActivity
ADDED from src\main\AndroidManifest.xml:122:9-125:53
	android:screenOrientation
		ADDED from src\main\AndroidManifest.xml:124:13-49
	android:theme
		ADDED from src\main\AndroidManifest.xml:125:13-50
	android:name
		ADDED from src\main\AndroidManifest.xml:123:13-49
activity#com.henghao.parkland.activity.GuideActivity
ADDED from src\main\AndroidManifest.xml:127:9-130:53
	android:screenOrientation
		ADDED from src\main\AndroidManifest.xml:129:13-49
	android:theme
		ADDED from src\main\AndroidManifest.xml:130:13-50
	android:name
		ADDED from src\main\AndroidManifest.xml:128:13-51
activity#com.henghao.parkland.activity.QiandaoActivity
ADDED from src\main\AndroidManifest.xml:132:9-135:53
	android:screenOrientation
		ADDED from src\main\AndroidManifest.xml:134:13-49
	android:theme
		ADDED from src\main\AndroidManifest.xml:135:13-50
	android:name
		ADDED from src\main\AndroidManifest.xml:133:13-53
activity#com.henghao.parkland.activity.QiandaoSubmitActivity
ADDED from src\main\AndroidManifest.xml:137:9-140:53
	android:screenOrientation
		ADDED from src\main\AndroidManifest.xml:139:13-49
	android:theme
		ADDED from src\main\AndroidManifest.xml:140:13-50
	android:name
		ADDED from src\main\AndroidManifest.xml:138:13-59
activity#com.henghao.parkland.activity.ViewTestActivity
ADDED from src\main\AndroidManifest.xml:142:9-146:63
	android:screenOrientation
		ADDED from src\main\AndroidManifest.xml:145:13-49
	android:windowSoftInputMode
		ADDED from src\main\AndroidManifest.xml:146:13-60
	android:configChanges
		ADDED from src\main\AndroidManifest.xml:144:13-63
	android:name
		ADDED from src\main\AndroidManifest.xml:143:13-54
activity#com.henghao.parkland.activity.workshow.EquipmentLeasingDetailActivity
ADDED from src\main\AndroidManifest.xml:149:9-153:63
	android:screenOrientation
		ADDED from src\main\AndroidManifest.xml:152:13-49
	android:windowSoftInputMode
		ADDED from src\main\AndroidManifest.xml:153:13-60
	android:configChanges
		ADDED from src\main\AndroidManifest.xml:151:13-63
	android:name
		ADDED from src\main\AndroidManifest.xml:150:13-77
activity#com.henghao.parkland.activity.workshow.SeedlingDetailActivity
ADDED from src\main\AndroidManifest.xml:155:9-159:63
	android:screenOrientation
		ADDED from src\main\AndroidManifest.xml:158:13-49
	android:windowSoftInputMode
		ADDED from src\main\AndroidManifest.xml:159:13-60
	android:configChanges
		ADDED from src\main\AndroidManifest.xml:157:13-63
	android:name
		ADDED from src\main\AndroidManifest.xml:156:13-69
activity#com.henghao.parkland.activity.workshow.BidDetailActivity
ADDED from src\main\AndroidManifest.xml:161:9-165:63
	android:screenOrientation
		ADDED from src\main\AndroidManifest.xml:164:13-49
	android:windowSoftInputMode
		ADDED from src\main\AndroidManifest.xml:165:13-60
	android:configChanges
		ADDED from src\main\AndroidManifest.xml:163:13-63
	android:name
		ADDED from src\main\AndroidManifest.xml:162:13-64
activity#com.henghao.parkland.activity.workshow.RecruitDetailActivity
ADDED from src\main\AndroidManifest.xml:167:9-171:63
	android:screenOrientation
		ADDED from src\main\AndroidManifest.xml:170:13-49
	android:windowSoftInputMode
		ADDED from src\main\AndroidManifest.xml:171:13-60
	android:configChanges
		ADDED from src\main\AndroidManifest.xml:169:13-63
	android:name
		ADDED from src\main\AndroidManifest.xml:168:13-68
activity#com.henghao.parkland.activity.MaintenanceActivity
ADDED from src\main\AndroidManifest.xml:173:9-177:63
	android:screenOrientation
		ADDED from src\main\AndroidManifest.xml:176:13-49
	android:windowSoftInputMode
		ADDED from src\main\AndroidManifest.xml:177:13-60
	android:configChanges
		ADDED from src\main\AndroidManifest.xml:175:13-63
	android:name
		ADDED from src\main\AndroidManifest.xml:174:13-57
activity#com.henghao.parkland.activity.YhManageActivity
ADDED from src\main\AndroidManifest.xml:180:9-184:63
	android:screenOrientation
		ADDED from src\main\AndroidManifest.xml:183:13-49
	android:windowSoftInputMode
		ADDED from src\main\AndroidManifest.xml:184:13-60
	android:configChanges
		ADDED from src\main\AndroidManifest.xml:182:13-63
	android:name
		ADDED from src\main\AndroidManifest.xml:181:13-54
activity#com.henghao.parkland.activity.GuanhuActivity
ADDED from src\main\AndroidManifest.xml:186:9-190:63
	android:screenOrientation
		ADDED from src\main\AndroidManifest.xml:189:13-49
	android:windowSoftInputMode
		ADDED from src\main\AndroidManifest.xml:190:13-60
	android:configChanges
		ADDED from src\main\AndroidManifest.xml:188:13-63
	android:name
		ADDED from src\main\AndroidManifest.xml:187:13-52
activity#com.henghao.parkland.activity.TreeMessageActivity
ADDED from src\main\AndroidManifest.xml:192:9-196:63
	android:screenOrientation
		ADDED from src\main\AndroidManifest.xml:195:13-49
	android:windowSoftInputMode
		ADDED from src\main\AndroidManifest.xml:196:13-60
	android:configChanges
		ADDED from src\main\AndroidManifest.xml:194:13-63
	android:name
		ADDED from src\main\AndroidManifest.xml:193:13-57
activity#com.henghao.parkland.activity.projectmanage.ProjectSpvLogActivity
ADDED from src\main\AndroidManifest.xml:200:9-204:63
	android:screenOrientation
		ADDED from src\main\AndroidManifest.xml:203:13-49
	android:windowSoftInputMode
		ADDED from src\main\AndroidManifest.xml:204:13-60
	android:configChanges
		ADDED from src\main\AndroidManifest.xml:202:13-63
	android:name
		ADDED from src\main\AndroidManifest.xml:201:13-73
activity#com.henghao.parkland.activity.projectmanage.ProjectSpvLogSubmitActivity
ADDED from src\main\AndroidManifest.xml:206:9-210:63
	android:screenOrientation
		ADDED from src\main\AndroidManifest.xml:209:13-49
	android:windowSoftInputMode
		ADDED from src\main\AndroidManifest.xml:210:13-60
	android:configChanges
		ADDED from src\main\AndroidManifest.xml:208:13-63
	android:name
		ADDED from src\main\AndroidManifest.xml:207:13-79
activity#com.henghao.parkland.activity.projectmanage.ProjectSpvLogDesActivity
ADDED from src\main\AndroidManifest.xml:212:9-216:63
	android:screenOrientation
		ADDED from src\main\AndroidManifest.xml:215:13-49
	android:windowSoftInputMode
		ADDED from src\main\AndroidManifest.xml:216:13-60
	android:configChanges
		ADDED from src\main\AndroidManifest.xml:214:13-63
	android:name
		ADDED from src\main\AndroidManifest.xml:213:13-76
activity#com.henghao.parkland.activity.YHDataActivity
ADDED from src\main\AndroidManifest.xml:221:9-225:63
	android:screenOrientation
		ADDED from src\main\AndroidManifest.xml:224:13-49
	android:windowSoftInputMode
		ADDED from src\main\AndroidManifest.xml:225:13-60
	android:configChanges
		ADDED from src\main\AndroidManifest.xml:223:13-63
	android:name
		ADDED from src\main\AndroidManifest.xml:222:13-52
activity#com.henghao.parkland.activity.LogForgetActivity
ADDED from src\main\AndroidManifest.xml:227:9-231:63
	android:screenOrientation
		ADDED from src\main\AndroidManifest.xml:230:13-49
	android:windowSoftInputMode
		ADDED from src\main\AndroidManifest.xml:231:13-60
	android:configChanges
		ADDED from src\main\AndroidManifest.xml:229:13-63
	android:name
		ADDED from src\main\AndroidManifest.xml:228:13-55
activity#com.henghao.parkland.activity.projectmanage.ProjectMoneyActivity
ADDED from src\main\AndroidManifest.xml:233:9-237:63
	android:screenOrientation
		ADDED from src\main\AndroidManifest.xml:236:13-49
	android:windowSoftInputMode
		ADDED from src\main\AndroidManifest.xml:237:13-60
	android:configChanges
		ADDED from src\main\AndroidManifest.xml:235:13-63
	android:name
		ADDED from src\main\AndroidManifest.xml:234:13-72
activity#com.henghao.parkland.activity.projectmanage.ProjectSGLogSubmitActivity
ADDED from src\main\AndroidManifest.xml:239:9-243:63
	android:screenOrientation
		ADDED from src\main\AndroidManifest.xml:242:13-49
	android:windowSoftInputMode
		ADDED from src\main\AndroidManifest.xml:243:13-60
	android:configChanges
		ADDED from src\main\AndroidManifest.xml:241:13-63
	android:name
		ADDED from src\main\AndroidManifest.xml:240:13-78
activity#com.henghao.parkland.activity.projectmanage.ProjectSGLogActivity
ADDED from src\main\AndroidManifest.xml:245:9-249:63
	android:screenOrientation
		ADDED from src\main\AndroidManifest.xml:248:13-49
	android:windowSoftInputMode
		ADDED from src\main\AndroidManifest.xml:249:13-60
	android:configChanges
		ADDED from src\main\AndroidManifest.xml:247:13-63
	android:name
		ADDED from src\main\AndroidManifest.xml:246:13-72
activity#com.henghao.parkland.activity.projectmanage.ProjectSGLogDesActivity
ADDED from src\main\AndroidManifest.xml:251:9-255:63
	android:screenOrientation
		ADDED from src\main\AndroidManifest.xml:254:13-49
	android:windowSoftInputMode
		ADDED from src\main\AndroidManifest.xml:255:13-60
	android:configChanges
		ADDED from src\main\AndroidManifest.xml:253:13-63
	android:name
		ADDED from src\main\AndroidManifest.xml:252:13-75
activity#com.henghao.parkland.activity.projectmanage.ProjectSGSafeLogSubmitActivity
ADDED from src\main\AndroidManifest.xml:257:9-261:63
	android:screenOrientation
		ADDED from src\main\AndroidManifest.xml:260:13-49
	android:windowSoftInputMode
		ADDED from src\main\AndroidManifest.xml:261:13-60
	android:configChanges
		ADDED from src\main\AndroidManifest.xml:259:13-63
	android:name
		ADDED from src\main\AndroidManifest.xml:258:13-82
activity#com.henghao.parkland.activity.projectmanage.ProjectSGSafeLogActivity
ADDED from src\main\AndroidManifest.xml:263:9-267:63
	android:screenOrientation
		ADDED from src\main\AndroidManifest.xml:266:13-49
	android:windowSoftInputMode
		ADDED from src\main\AndroidManifest.xml:267:13-60
	android:configChanges
		ADDED from src\main\AndroidManifest.xml:265:13-63
	android:name
		ADDED from src\main\AndroidManifest.xml:264:13-76
activity#com.henghao.parkland.activity.projectmanage.ProjectSGSafeLogDesActivity
ADDED from src\main\AndroidManifest.xml:269:9-273:63
	android:screenOrientation
		ADDED from src\main\AndroidManifest.xml:272:13-49
	android:windowSoftInputMode
		ADDED from src\main\AndroidManifest.xml:273:13-60
	android:configChanges
		ADDED from src\main\AndroidManifest.xml:271:13-63
	android:name
		ADDED from src\main\AndroidManifest.xml:270:13-79
activity#com.henghao.parkland.activity.projectmanage.ProjectInfoActivity
ADDED from src\main\AndroidManifest.xml:275:9-279:63
	android:screenOrientation
		ADDED from src\main\AndroidManifest.xml:278:13-49
	android:windowSoftInputMode
		ADDED from src\main\AndroidManifest.xml:279:13-60
	android:configChanges
		ADDED from src\main\AndroidManifest.xml:277:13-63
	android:name
		ADDED from src\main\AndroidManifest.xml:276:13-71
activity#com.henghao.parkland.activity.projectmanage.ProjectInfoSubmitActivity
ADDED from src\main\AndroidManifest.xml:280:9-284:63
	android:screenOrientation
		ADDED from src\main\AndroidManifest.xml:283:13-49
	android:windowSoftInputMode
		ADDED from src\main\AndroidManifest.xml:284:13-60
	android:configChanges
		ADDED from src\main\AndroidManifest.xml:282:13-63
	android:name
		ADDED from src\main\AndroidManifest.xml:281:13-77
activity#com.henghao.parkland.activity.projectmanage.ProjectHSResultActivity
ADDED from src\main\AndroidManifest.xml:286:9-290:63
	android:screenOrientation
		ADDED from src\main\AndroidManifest.xml:289:13-49
	android:windowSoftInputMode
		ADDED from src\main\AndroidManifest.xml:290:13-60
	android:configChanges
		ADDED from src\main\AndroidManifest.xml:288:13-63
	android:name
		ADDED from src\main\AndroidManifest.xml:287:13-75
activity#com.henghao.parkland.activity.projectmanage.ProjectHSResultSubmitActivity
ADDED from src\main\AndroidManifest.xml:292:9-296:63
	android:screenOrientation
		ADDED from src\main\AndroidManifest.xml:295:13-49
	android:windowSoftInputMode
		ADDED from src\main\AndroidManifest.xml:296:13-60
	android:configChanges
		ADDED from src\main\AndroidManifest.xml:294:13-63
	android:name
		ADDED from src\main\AndroidManifest.xml:293:13-81
activity#com.henghao.parkland.activity.projectmanage.ProjectHSResultDesActivity
ADDED from src\main\AndroidManifest.xml:298:9-302:63
	android:screenOrientation
		ADDED from src\main\AndroidManifest.xml:301:13-49
	android:windowSoftInputMode
		ADDED from src\main\AndroidManifest.xml:302:13-60
	android:configChanges
		ADDED from src\main\AndroidManifest.xml:300:13-63
	android:name
		ADDED from src\main\AndroidManifest.xml:299:13-78
activity#com.henghao.parkland.activity.projectmanage.ProjectGHFActivity
ADDED from src\main\AndroidManifest.xml:304:9-308:63
	android:screenOrientation
		ADDED from src\main\AndroidManifest.xml:307:13-49
	android:windowSoftInputMode
		ADDED from src\main\AndroidManifest.xml:308:13-60
	android:configChanges
		ADDED from src\main\AndroidManifest.xml:306:13-63
	android:name
		ADDED from src\main\AndroidManifest.xml:305:13-70
activity#com.henghao.parkland.activity.projectmanage.ProjectGHFSubmitActivity
ADDED from src\main\AndroidManifest.xml:310:9-314:63
	android:screenOrientation
		ADDED from src\main\AndroidManifest.xml:313:13-49
	android:windowSoftInputMode
		ADDED from src\main\AndroidManifest.xml:314:13-60
	android:configChanges
		ADDED from src\main\AndroidManifest.xml:312:13-63
	android:name
		ADDED from src\main\AndroidManifest.xml:311:13-76
activity#com.henghao.parkland.activity.projectmanage.ProjectGHFDesActivity
ADDED from src\main\AndroidManifest.xml:316:9-320:63
	android:screenOrientation
		ADDED from src\main\AndroidManifest.xml:319:13-49
	android:windowSoftInputMode
		ADDED from src\main\AndroidManifest.xml:320:13-60
	android:configChanges
		ADDED from src\main\AndroidManifest.xml:318:13-63
	android:name
		ADDED from src\main\AndroidManifest.xml:317:13-73
activity#com.henghao.parkland.activity.projectmanage.ProjectSettlementActivity
ADDED from src\main\AndroidManifest.xml:322:9-326:63
	android:screenOrientation
		ADDED from src\main\AndroidManifest.xml:325:13-49
	android:windowSoftInputMode
		ADDED from src\main\AndroidManifest.xml:326:13-60
	android:configChanges
		ADDED from src\main\AndroidManifest.xml:324:13-63
	android:name
		ADDED from src\main\AndroidManifest.xml:323:13-77
activity#com.henghao.parkland.activity.projectmanage.ProjectSettlementSubmitActivity
ADDED from src\main\AndroidManifest.xml:328:9-332:63
	android:screenOrientation
		ADDED from src\main\AndroidManifest.xml:331:13-49
	android:windowSoftInputMode
		ADDED from src\main\AndroidManifest.xml:332:13-60
	android:configChanges
		ADDED from src\main\AndroidManifest.xml:330:13-63
	android:name
		ADDED from src\main\AndroidManifest.xml:329:13-83
activity#com.henghao.parkland.activity.projectmanage.ProjectSettlementDesActivity
ADDED from src\main\AndroidManifest.xml:334:9-338:63
	android:screenOrientation
		ADDED from src\main\AndroidManifest.xml:337:13-49
	android:windowSoftInputMode
		ADDED from src\main\AndroidManifest.xml:338:13-60
	android:configChanges
		ADDED from src\main\AndroidManifest.xml:336:13-63
	android:name
		ADDED from src\main\AndroidManifest.xml:335:13-80
activity#com.henghao.parkland.activity.projectmanage.ProjectTeamActivity
ADDED from src\main\AndroidManifest.xml:340:9-344:63
	android:screenOrientation
		ADDED from src\main\AndroidManifest.xml:343:13-49
	android:windowSoftInputMode
		ADDED from src\main\AndroidManifest.xml:344:13-60
	android:configChanges
		ADDED from src\main\AndroidManifest.xml:342:13-63
	android:name
		ADDED from src\main\AndroidManifest.xml:341:13-71
activity#com.henghao.parkland.activity.projectmanage.ProjectTeamSubmitActivity
ADDED from src\main\AndroidManifest.xml:346:9-350:63
	android:screenOrientation
		ADDED from src\main\AndroidManifest.xml:349:13-49
	android:windowSoftInputMode
		ADDED from src\main\AndroidManifest.xml:350:13-60
	android:configChanges
		ADDED from src\main\AndroidManifest.xml:348:13-63
	android:name
		ADDED from src\main\AndroidManifest.xml:347:13-77
activity#com.henghao.parkland.activity.projectmanage.ProjectTeamDesActivity
ADDED from src\main\AndroidManifest.xml:352:9-356:63
	android:screenOrientation
		ADDED from src\main\AndroidManifest.xml:355:13-49
	android:windowSoftInputMode
		ADDED from src\main\AndroidManifest.xml:356:13-60
	android:configChanges
		ADDED from src\main\AndroidManifest.xml:354:13-63
	android:name
		ADDED from src\main\AndroidManifest.xml:353:13-74
activity#com.henghao.parkland.activity.projectmanage.ProjectKGBGActivity
ADDED from src\main\AndroidManifest.xml:358:9-362:63
	android:screenOrientation
		ADDED from src\main\AndroidManifest.xml:361:13-49
	android:windowSoftInputMode
		ADDED from src\main\AndroidManifest.xml:362:13-60
	android:configChanges
		ADDED from src\main\AndroidManifest.xml:360:13-63
	android:name
		ADDED from src\main\AndroidManifest.xml:359:13-71
activity#com.henghao.parkland.activity.projectmanage.ProjectKGBGSubmitActivity
ADDED from src\main\AndroidManifest.xml:364:9-368:63
	android:screenOrientation
		ADDED from src\main\AndroidManifest.xml:367:13-49
	android:windowSoftInputMode
		ADDED from src\main\AndroidManifest.xml:368:13-60
	android:configChanges
		ADDED from src\main\AndroidManifest.xml:366:13-63
	android:name
		ADDED from src\main\AndroidManifest.xml:365:13-77
activity#com.henghao.parkland.activity.projectmanage.ProjectKGBGDesActivity
ADDED from src\main\AndroidManifest.xml:370:9-374:63
	android:screenOrientation
		ADDED from src\main\AndroidManifest.xml:373:13-49
	android:windowSoftInputMode
		ADDED from src\main\AndroidManifest.xml:374:13-60
	android:configChanges
		ADDED from src\main\AndroidManifest.xml:372:13-63
	android:name
		ADDED from src\main\AndroidManifest.xml:371:13-74
activity#com.henghao.parkland.activity.projectmanage.ProjectSBDataActivity
ADDED from src\main\AndroidManifest.xml:376:9-380:63
	android:screenOrientation
		ADDED from src\main\AndroidManifest.xml:379:13-49
	android:windowSoftInputMode
		ADDED from src\main\AndroidManifest.xml:380:13-60
	android:configChanges
		ADDED from src\main\AndroidManifest.xml:378:13-63
	android:name
		ADDED from src\main\AndroidManifest.xml:377:13-73
activity#com.henghao.parkland.activity.projectmanage.ProjectSBDataSubmitActivity
ADDED from src\main\AndroidManifest.xml:381:9-385:63
	android:screenOrientation
		ADDED from src\main\AndroidManifest.xml:384:13-49
	android:windowSoftInputMode
		ADDED from src\main\AndroidManifest.xml:385:13-60
	android:configChanges
		ADDED from src\main\AndroidManifest.xml:383:13-63
	android:name
		ADDED from src\main\AndroidManifest.xml:382:13-79
activity#com.henghao.parkland.activity.projectmanage.ProjectSBDataDesActivity
ADDED from src\main\AndroidManifest.xml:386:9-390:63
	android:screenOrientation
		ADDED from src\main\AndroidManifest.xml:389:13-49
	android:windowSoftInputMode
		ADDED from src\main\AndroidManifest.xml:390:13-60
	android:configChanges
		ADDED from src\main\AndroidManifest.xml:388:13-63
	android:name
		ADDED from src\main\AndroidManifest.xml:387:13-76
activity#com.henghao.parkland.activity.projectmanage.ProjectGXBYActivity
ADDED from src\main\AndroidManifest.xml:392:9-396:63
	android:screenOrientation
		ADDED from src\main\AndroidManifest.xml:395:13-49
	android:windowSoftInputMode
		ADDED from src\main\AndroidManifest.xml:396:13-60
	android:configChanges